<?xml version="1.0" encoding="UTF-8"?>
<testsuite name="com.contrastsecurity.plugin.utility.CredentialUtilTest" tests="2" skipped="0" failures="0" errors="0" timestamp="2025-01-09T06:51:41" hostname="sacumen-ThinkPad-E16-Gen-1" time="0.76">
  <properties/>
  <testcase name="testDecryptDTO()" classname="com.contrastsecurity.plugin.utility.CredentialUtilTest" time="0.607"/>
  <testcase name="testEncryptDTO()" classname="com.contrastsecurity.plugin.utility.CredentialUtilTest" time="0.152"/>
  <system-out><![CDATA[]]></system-out>
  <system-err><![CDATA[]]></system-err>
</testsuite>
