<?xml version="1.0" encoding="UTF-8"?>
<testsuite name="com.contrastsecurity.plugin.utility.CredentialUtilTest" tests="2" skipped="0" failures="0" errors="0" timestamp="2025-06-03T12:05:42.815Z" hostname="Msalman-Latitude-3520" time="0.297">
  <properties/>
  <testcase name="testDecryptDTO()" classname="com.contrastsecurity.plugin.utility.CredentialUtilTest" time="0.249"/>
  <testcase name="testEncryptDTO()" classname="com.contrastsecurity.plugin.utility.CredentialUtilTest" time="0.047"/>
  <system-out><![CDATA[]]></system-out>
  <system-err><![CDATA[]]></system-err>
</testsuite>
